<?xml version="1.0" encoding="UTF-8"?>
<!-- Generated by org.testng.reporters.JUnitReportReporter -->
<testsuite hostname="Deep" failures="0" tests="1" name="MavenProject.MavenPKG.NewTest" time="98.639" errors="0" timestamp="2021-08-30T17:25:24 IST" skipped="0">
  <testcase classname="MavenProject.MavenPKG.NewTest" name="f" time="98.639"/>
  <system-out/>
</testsuite> <!-- MavenProject.MavenPKG.NewTest -->
