<?xml version="1.0" encoding="UTF-8"?>
<!-- Generated by org.testng.reporters.JUnitReportReporter -->
<testsuite hostname="Deep" failures="0" tests="1" name="MavenProject.MavenPKG.NewTest" time="11.164" errors="0" timestamp="2021-09-14T14:44:18 IST" skipped="0">
  <testcase classname="MavenProject.MavenPKG.NewTest" name="f" time="11.164"/>
  <system-out/>
</testsuite> <!-- MavenProject.MavenPKG.NewTest -->
